<?xml version="1.0" encoding="UTF-8"?>
<!-- Generated by org.testng.reporters.JUnitReportReporter -->
<testsuite hostname="DESKTOP-SJO0L42" name="se.nackademin.examination.examination_jacoco.GameTest" tests="5" failures="0" timestamp="16 Oct 2016 12:07:51 GMT" time="0.003" errors="0">
  <testcase name="testCalculateOutPutBasedOnGender" time="0.001" classname="se.nackademin.examination.examination_jacoco.GameTest"/>
  <testcase name="testCalculateOutPutBasedOnAge" time="0.001" classname="se.nackademin.examination.examination_jacoco.GameTest"/>
  <testcase name="testCalculateOutPutBasedOnNames" time="0.000" classname="se.nackademin.examination.examination_jacoco.GameTest"/>
  <testcase name="testRun" time="0.001" classname="se.nackademin.examination.examination_jacoco.GameTest"/>
  <testcase name="testCalculateOutPutBasedOnHomeCity" time="0.000" classname="se.nackademin.examination.examination_jacoco.GameTest"/>
</testsuite> <!-- se.nackademin.examination.examination_jacoco.GameTest -->
