<?xml version="1.0" encoding="UTF-8"?>
<!-- Generated by org.testng.reporters.JUnitReportReporter -->
<testsuite hostname="DESKTOP-SJO0L42" name="se.nackademin.examination.examination_jacoco.ConversorTest" tests="1" failures="0" timestamp="19 Oct 2016 11:02:36 GMT" time="0.001" errors="0">
  <testcase name="testConversor" time="0.001" classname="se.nackademin.examination.examination_jacoco.ConversorTest"/>
</testsuite> <!-- se.nackademin.examination.examination_jacoco.ConversorTest -->
