<?xml version="1.0" encoding="UTF-8"?>
<!-- Generated by org.testng.reporters.JUnitReportReporter -->
<testsuite hostname="DESKTOP-SJO0L42" name="se.nackademin.examination.examination_jacoco.DataAnalysisTest" tests="3" failures="0" timestamp="19 Oct 2016 11:02:36 GMT" time="0.015" errors="0">
  <testcase name="testuildFinalString" time="0.001" classname="se.nackademin.examination.examination_jacoco.DataAnalysisTest"/>
  <testcase name="testGetResulStringHomecityAndAge" time="0.000" classname="se.nackademin.examination.examination_jacoco.DataAnalysisTest"/>
  <testcase name="testGetResultStringNamesAndAge" time="0.014" classname="se.nackademin.examination.examination_jacoco.DataAnalysisTest"/>
</testsuite> <!-- se.nackademin.examination.examination_jacoco.DataAnalysisTest -->
